{"C:\\Users\\Jhonntan\\Desktop\\PI\\PI-Countries-FT14a\\client\\src\\components\\ActivityCard.jsx": {"path":"C:\\Users\\Jhonntan\\Desktop\\PI\\PI-Countries-FT14a\\client\\src\\components\\ActivityCard.jsx","statementMap":{"0":{"start":{"line":5,"column":4},"end":{"line":17,"column":5}},"1":{"start":{"line":14,"column":35},"end":{"line":14,"column":107}}},"fnMap":{"0":{"name":"ActivityCard","decl":{"start":{"line":4,"column":9},"end":{"line":4,"column":21}},"loc":{"start":{"line":4,"column":67},"end":{"line":18,"column":1}},"line":4},"1":{"name":"(anonymous_1)","decl":{"start":{"line":14,"column":32},"end":{"line":14,"column":33}},"loc":{"start":{"line":14,"column":35},"end":{"line":14,"column":107}},"line":14}},"branchMap":{},"s":{"0":4,"1":0},"f":{"0":4,"1":0},"b":{},"_coverageSchema":"1a1c01bbd47fc00a2c39e90264f33305004495a9","hash":"be4b25578fae4e97f741f10bf3fe2f269d38aa3d"}
}
